<?xml version="1.0" encoding="UTF-8"?>
<testng-results ignored="0" total="1" passed="1" failed="0" skipped="0">
  <reporter-output>
  </reporter-output>
  <suite started-at="2023-09-04T18:17:42 IST" name="Suite" finished-at="2023-09-04T18:17:50 IST" duration-ms="8335">
    <groups>
    </groups>
    <test started-at="2023-09-04T18:17:42 IST" name="Test" finished-at="2023-09-04T18:17:50 IST" duration-ms="8335">
      <class name="com.qa.testscripts.TC_Scenario_001">
        <test-method is-config="true" signature="setUp(java.lang.String)[pri:0, instance:com.qa.testscripts.TC_Scenario_001@33065d67]" started-at="2023-09-04T18:17:29 IST" name="setUp" finished-at="2023-09-04T18:17:42 IST" duration-ms="12623" status="PASS">
          <params>
            <param index="0">
              <value>
                <![CDATA[https://automationpanda.com/2021/12/29/want-to-practice-test-automation-try-these-demo-sites/]]>
              </value>
            </param>
          </params>
          <reporter-output>
          </reporter-output>
        </test-method> <!-- setUp -->
        <test-method signature="Scenario1()[pri:0, instance:com.qa.testscripts.TC_Scenario_001@33065d67]" started-at="2023-09-04T18:17:42 IST" name="Scenario1" finished-at="2023-09-04T18:17:50 IST" duration-ms="8227" status="PASS">
          <reporter-output>
          </reporter-output>
        </test-method> <!-- Scenario1 -->
        <test-method is-config="true" signature="tearDown()[pri:0, instance:com.qa.testscripts.TC_Scenario_001@33065d67]" started-at="2023-09-04T18:17:50 IST" name="tearDown" finished-at="2023-09-04T18:17:52 IST" duration-ms="1277" status="PASS">
          <reporter-output>
          </reporter-output>
        </test-method> <!-- tearDown -->
      </class> <!-- com.qa.testscripts.TC_Scenario_001 -->
    </test> <!-- Test -->
  </suite> <!-- Suite -->
</testng-results>
